# JRE version: OpenJDK Runtime Environment (8.0_112-b06) (build 1.8.0_112-release-b06)
# Java VM: OpenJDK 64-Bit Server VM (25.112-b06 mixed mode windows-amd64 compressed oops)
Heap:
 PSYoungGen      total 87040K, used 7257K [0x00000000e0000000, 0x00000000e8280000, 0x0000000100000000)
  eden space 75264K, 0% used [0x00000000e0000000,0x00000000e0000000,0x00000000e4980000)
  from space 11776K, 61% used [0x00000000e4980000,0x00000000e50964a0,0x00000000e5500000)
  to   space 11264K, 0% used [0x00000000e7780000,0x00000000e7780000,0x00000000e8280000)
 ParOldGen       total 66560K, used 11090K [0x00000000a0000000, 0x00000000a4100000, 0x00000000e0000000)
  object space 66560K, 16% used [0x00000000a0000000,0x00000000a0ad4958,0x00000000a4100000)
 Metaspace       used 34473K, capacity 35258K, committed 35456K, reserved 1079296K
  class space    used 4667K, capacity 4882K, committed 4992K, reserved 1048576K
GC Heap History (10 events):
Event: 5.903 GC heap after
Heap after GC invocations=6 (full 1):
 PSYoungGen      total 38400K, used 3621K [0x00000000e0000000, 0x00000000e4880000, 0x0000000100000000)
  eden space 33280K, 0% used [0x00000000e0000000,0x00000000e0000000,0x00000000e2080000)
  from space 5120K, 70% used [0x00000000e2080000,0x00000000e2409768,0x00000000e2580000)
  to   space 11264K, 0% used [0x00000000e3d80000,0x00000000e3d80000,0x00000000e4880000)
 ParOldGen       total 66560K, used 9349K [0x00000000a0000000, 0x00000000a4100000, 0x00000000e0000000)
  object space 66560K, 14% used [0x00000000a0000000,0x00000000a09215c0,0x00000000a4100000)
 Metaspace       used 23647K, capacity 24080K, committed 24448K, reserved 1071104K
  class space    used 3187K, capacity 3337K, committed 3456K, reserved 1048576K
}
Event: 7.121 GC heap before
{Heap before GC invocations=7 (full 1):
 PSYoungGen      total 38400K, used 36901K [0x00000000e0000000, 0x00000000e4880000, 0x0000000100000000)
  eden space 33280K, 100% used [0x00000000e0000000,0x00000000e2080000,0x00000000e2080000)
  from space 5120K, 70% used [0x00000000e2080000,0x00000000e2409768,0x00000000e2580000)
  to   space 11264K, 0% used [0x00000000e3d80000,0x00000000e3d80000,0x00000000e4880000)
 ParOldGen       total 66560K, used 9349K [0x00000000a0000000, 0x00000000a4100000, 0x00000000e0000000)
  object space 66560K, 14% used [0x00000000a0000000,0x00000000a09215c0,0x00000000a4100000)
 Metaspace       used 26424K, capacity 26980K, committed 27136K, reserved 1073152K
  class space    used 3657K, capacity 3782K, committed 3840K, reserved 1048576K
Event: 7.129 GC heap after
Heap after GC invocations=7 (full 1):
 PSYoungGen      total 58880K, used 6295K [0x00000000e0000000, 0x00000000e4580000, 0x0000000100000000)
  eden space 50688K, 0% used [0x00000000e0000000,0x00000000e0000000,0x00000000e3180000)
  from space 8192K, 76% used [0x00000000e3d80000,0x00000000e43a5f80,0x00000000e4580000)
  to   space 10240K, 0% used [0x00000000e3180000,0x00000000e3180000,0x00000000e3b80000)
 ParOldGen       total 66560K, used 9357K [0x00000000a0000000, 0x00000000a4100000, 0x00000000e0000000)
  object space 66560K, 14% used [0x00000000a0000000,0x00000000a09235c0,0x00000000a4100000)
 Metaspace       used 26424K, capacity 26980K, committed 27136K, reserved 1073152K
  class space    used 3657K, capacity 3782K, committed 3840K, reserved 1048576K
}
Event: 8.899 GC heap before
{Heap before GC invocations=8 (full 1):
 PSYoungGen      total 58880K, used 56983K [0x00000000e0000000, 0x00000000e4580000, 0x0000000100000000)
  eden space 50688K, 100% used [0x00000000e0000000,0x00000000e3180000,0x00000000e3180000)
  from space 8192K, 76% used [0x00000000e3d80000,0x00000000e43a5f80,0x00000000e4580000)
  to   space 10240K, 0% used [0x00000000e3180000,0x00000000e3180000,0x00000000e3b80000)
 ParOldGen       total 66560K, used 9357K [0x00000000a0000000, 0x00000000a4100000, 0x00000000e0000000)
  object space 66560K, 14% used [0x00000000a0000000,0x00000000a09235c0,0x00000000a4100000)
 Metaspace       used 29655K, capacity 30288K, committed 30464K, reserved 1075200K
  class space    used 4067K, capacity 4242K, committed 4352K, reserved 1048576K
Event: 8.923 GC heap after
Heap after GC invocations=8 (full 1):
 PSYoungGen      total 60928K, used 7173K [0x00000000e0000000, 0x00000000e6080000, 0x0000000100000000)
  eden space 50688K, 0% used [0x00000000e0000000,0x00000000e0000000,0x00000000e3180000)
  from space 10240K, 70% used [0x00000000e3180000,0x00000000e38816b8,0x00000000e3b80000)
  to   space 10240K, 0% used [0x00000000e5680000,0x00000000e5680000,0x00000000e6080000)
 ParOldGen       total 66560K, used 9365K [0x00000000a0000000, 0x00000000a4100000, 0x00000000e0000000)
  object space 66560K, 14% used [0x00000000a0000000,0x00000000a09255c0,0x00000000a4100000)
 Metaspace       used 29655K, capacity 30288K, committed 30464K, reserved 1075200K
  class space    used 4067K, capacity 4242K, committed 4352K, reserved 1048576K
}
Event: 12.407 GC heap before
{Heap before GC invocations=9 (full 1):
 PSYoungGen      total 60928K, used 57861K [0x00000000e0000000, 0x00000000e6080000, 0x0000000100000000)
  eden space 50688K, 100% used [0x00000000e0000000,0x00000000e3180000,0x00000000e3180000)
  from space 10240K, 70% used [0x00000000e3180000,0x00000000e38816b8,0x00000000e3b80000)
  to   space 10240K, 0% used [0x00000000e5680000,0x00000000e5680000,0x00000000e6080000)
 ParOldGen       total 66560K, used 9365K [0x00000000a0000000, 0x00000000a4100000, 0x00000000e0000000)
  object space 66560K, 14% used [0x00000000a0000000,0x00000000a09255c0,0x00000000a4100000)
 Metaspace       used 34180K, capacity 34870K, committed 35072K, reserved 1079296K
  class space    used 4626K, capacity 4814K, committed 4864K, reserved 1048576K
Event: 12.415 GC heap after
Heap after GC invocations=9 (full 1):
 PSYoungGen      total 85504K, used 10235K [0x00000000e0000000, 0x00000000e6080000, 0x0000000100000000)
  eden space 75264K, 0% used [0x00000000e0000000,0x00000000e0000000,0x00000000e4980000)
  from space 10240K, 99% used [0x00000000e5680000,0x00000000e607efb8,0x00000000e6080000)
  to   space 11776K, 0% used [0x00000000e4980000,0x00000000e4980000,0x00000000e5500000)
 ParOldGen       total 66560K, used 9758K [0x00000000a0000000, 0x00000000a4100000, 0x00000000e0000000)
  object space 66560K, 14% used [0x00000000a0000000,0x00000000a09878f8,0x00000000a4100000)
 Metaspace       used 34180K, capacity 34870K, committed 35072K, reserved 1079296K
  class space    used 4626K, capacity 4814K, committed 4864K, reserved 1048576K
}
Event: 12.515 GC heap before
{Heap before GC invocations=10 (full 1):
 PSYoungGen      total 85504K, used 16043K [0x00000000e0000000, 0x00000000e6080000, 0x0000000100000000)
  eden space 75264K, 7% used [0x00000000e0000000,0x00000000e05abe58,0x00000000e4980000)
  from space 10240K, 99% used [0x00000000e5680000,0x00000000e607efb8,0x00000000e6080000)
  to   space 11776K, 0% used [0x00000000e4980000,0x00000000e4980000,0x00000000e5500000)
 ParOldGen       total 66560K, used 9758K [0x00000000a0000000, 0x00000000a4100000, 0x00000000e0000000)
  object space 66560K, 14% used [0x00000000a0000000,0x00000000a09878f8,0x00000000a4100000)
 Metaspace       used 34473K, capacity 35258K, committed 35456K, reserved 1079296K
  class space    used 4667K, capacity 4882K, committed 4992K, reserved 1048576K
Event: 12.527 GC heap after
Heap after GC invocations=10 (full 1):
 PSYoungGen      total 87040K, used 7257K [0x00000000e0000000, 0x00000000e8280000, 0x0000000100000000)
  eden space 75264K, 0% used [0x00000000e0000000,0x00000000e0000000,0x00000000e4980000)
  from space 11776K, 61% used [0x00000000e4980000,0x00000000e50964a0,0x00000000e5500000)
  to   space 11264K, 0% used [0x00000000e7780000,0x00000000e7780000,0x00000000e8280000)
 ParOldGen       total 66560K, used 11090K [0x00000000a0000000, 0x00000000a4100000, 0x00000000e0000000)
  object space 66560K, 16% used [0x00000000a0000000,0x00000000a0ad4958,0x00000000a4100000)
 Metaspace       used 34473K, capacity 35258K, committed 35456K, reserved 1079296K
  class space    used 4667K, capacity 4882K, committed 4992K, reserved 1048576K
}
Event: 12.527 GC heap before
{Heap before GC invocations=11 (full 2):
 PSYoungGen      total 87040K, used 7257K [0x00000000e0000000, 0x00000000e8280000, 0x0000000100000000)
  eden space 75264K, 0% used [0x00000000e0000000,0x00000000e0000000,0x00000000e4980000)
  from space 11776K, 61% used [0x00000000e4980000,0x00000000e50964a0,0x00000000e5500000)
  to   space 11264K, 0% used [0x00000000e7780000,0x00000000e7780000,0x00000000e8280000)
 ParOldGen       total 66560K, used 11090K [0x00000000a0000000, 0x00000000a4100000, 0x00000000e0000000)
  object space 66560K, 16% used [0x00000000a0000000,0x00000000a0ad4958,0x00000000a4100000)
 Metaspace       used 34473K, capacity 35258K, committed 35456K, reserved 1079296K
  class space    used 4667K, capacity 4882K, committed 4992K, reserved 1048576K

