# JRE version: OpenJDK Runtime Environment (8.0_112-b06) (build 1.8.0_112-release-b06)
# Java VM: OpenJDK 64-Bit Server VM (25.112-b06 mixed mode windows-amd64 compressed oops)
Heap:
 PSYoungGen      total 138240K, used 14204K [0x00000000e0000000, 0x00000000ebd00000, 0x0000000100000000)
  eden space 133120K, 6% used [0x00000000e0000000,0x00000000e08e3370,0x00000000e8200000)
  from space 5120K, 99% used [0x00000000e8200000,0x00000000e86fc020,0x00000000e8700000)
  to   space 14848K, 36% used [0x00000000eae80000,0x00000000eb3d4040,0x00000000ebd00000)
 ParOldGen       total 424448K, used 381518K [0x00000000a0000000, 0x00000000b9e80000, 0x00000000e0000000)
  object space 424448K, 89% used [0x00000000a0000000,0x00000000b7493a20,0x00000000b9e80000)
 Metaspace       used 34575K, capacity 35264K, committed 35456K, reserved 1079296K
  class space    used 4664K, capacity 4883K, committed 4992K, reserved 1048576K
GC Heap History (10 events):
Event: 1.343 GC heap after
Heap after GC invocations=2 (full 0):
 PSYoungGen      total 71680K, used 5106K [0x00000000e0000000, 0x00000000e4b00000, 0x0000000100000000)
  eden space 66560K, 0% used [0x00000000e0000000,0x00000000e0000000,0x00000000e4100000)
  from space 5120K, 99% used [0x00000000e4600000,0x00000000e4afcbf0,0x00000000e4b00000)
  to   space 5120K, 0% used [0x00000000e4100000,0x00000000e4100000,0x00000000e4600000)
 ParOldGen       total 87552K, used 763K [0x00000000a0000000, 0x00000000a5580000, 0x00000000e0000000)
  object space 87552K, 0% used [0x00000000a0000000,0x00000000a00bee70,0x00000000a5580000)
 Metaspace       used 13002K, capacity 13318K, committed 13440K, reserved 1060864K
  class space    used 1729K, capacity 1870K, committed 1920K, reserved 1048576K
}
Event: 3.919 GC heap before
{Heap before GC invocations=3 (full 0):
 PSYoungGen      total 71680K, used 62233K [0x00000000e0000000, 0x00000000e4b00000, 0x0000000100000000)
  eden space 66560K, 85% used [0x00000000e0000000,0x00000000e37c99b0,0x00000000e4100000)
  from space 5120K, 99% used [0x00000000e4600000,0x00000000e4afcbf0,0x00000000e4b00000)
  to   space 5120K, 0% used [0x00000000e4100000,0x00000000e4100000,0x00000000e4600000)
 ParOldGen       total 87552K, used 763K [0x00000000a0000000, 0x00000000a5580000, 0x00000000e0000000)
  object space 87552K, 0% used [0x00000000a0000000,0x00000000a00bee70,0x00000000a5580000)
 Metaspace       used 20846K, capacity 21230K, committed 21296K, reserved 1067008K
  class space    used 2788K, capacity 2944K, committed 2944K, reserved 1048576K
Event: 3.925 GC heap after
Heap after GC invocations=3 (full 0):
 PSYoungGen      total 71680K, used 5099K [0x00000000e0000000, 0x00000000e8c00000, 0x0000000100000000)
  eden space 66560K, 0% used [0x00000000e0000000,0x00000000e0000000,0x00000000e4100000)
  from space 5120K, 99% used [0x00000000e4100000,0x00000000e45fafc0,0x00000000e4600000)
  to   space 5120K, 0% used [0x00000000e8700000,0x00000000e8700000,0x00000000e8c00000)
 ParOldGen       total 87552K, used 8448K [0x00000000a0000000, 0x00000000a5580000, 0x00000000e0000000)
  object space 87552K, 9% used [0x00000000a0000000,0x00000000a0840210,0x00000000a5580000)
 Metaspace       used 20846K, capacity 21230K, committed 21296K, reserved 1067008K
  class space    used 2788K, capacity 2944K, committed 2944K, reserved 1048576K
}
Event: 3.926 GC heap before
{Heap before GC invocations=4 (full 1):
 PSYoungGen      total 71680K, used 5099K [0x00000000e0000000, 0x00000000e8c00000, 0x0000000100000000)
  eden space 66560K, 0% used [0x00000000e0000000,0x00000000e0000000,0x00000000e4100000)
  from space 5120K, 99% used [0x00000000e4100000,0x00000000e45fafc0,0x00000000e4600000)
  to   space 5120K, 0% used [0x00000000e8700000,0x00000000e8700000,0x00000000e8c00000)
 ParOldGen       total 87552K, used 8448K [0x00000000a0000000, 0x00000000a5580000, 0x00000000e0000000)
  object space 87552K, 9% used [0x00000000a0000000,0x00000000a0840210,0x00000000a5580000)
 Metaspace       used 20846K, capacity 21230K, committed 21296K, reserved 1067008K
  class space    used 2788K, capacity 2944K, committed 2944K, reserved 1048576K
Event: 3.963 GC heap after
Heap after GC invocations=4 (full 1):
 PSYoungGen      total 71680K, used 0K [0x00000000e0000000, 0x00000000e8c00000, 0x0000000100000000)
  eden space 66560K, 0% used [0x00000000e0000000,0x00000000e0000000,0x00000000e4100000)
  from space 5120K, 0% used [0x00000000e4100000,0x00000000e4100000,0x00000000e4600000)
  to   space 5120K, 0% used [0x00000000e8700000,0x00000000e8700000,0x00000000e8c00000)
 ParOldGen       total 65536K, used 12419K [0x00000000a0000000, 0x00000000a4000000, 0x00000000e0000000)
  object space 65536K, 18% used [0x00000000a0000000,0x00000000a0c20e48,0x00000000a4000000)
 Metaspace       used 20846K, capacity 21230K, committed 21296K, reserved 1067008K
  class space    used 2788K, capacity 2944K, committed 2944K, reserved 1048576K
}
Event: 5.536 GC heap before
{Heap before GC invocations=5 (full 1):
 PSYoungGen      total 71680K, used 66560K [0x00000000e0000000, 0x00000000e8c00000, 0x0000000100000000)
  eden space 66560K, 100% used [0x00000000e0000000,0x00000000e4100000,0x00000000e4100000)
  from space 5120K, 0% used [0x00000000e4100000,0x00000000e4100000,0x00000000e4600000)
  to   space 5120K, 0% used [0x00000000e8700000,0x00000000e8700000,0x00000000e8c00000)
 ParOldGen       total 65536K, used 12419K [0x00000000a0000000, 0x00000000a4000000, 0x00000000e0000000)
  object space 65536K, 18% used [0x00000000a0000000,0x00000000a0c20e48,0x00000000a4000000)
 Metaspace       used 26425K, capacity 26916K, committed 27136K, reserved 1073152K
  class space    used 3651K, capacity 3782K, committed 3840K, reserved 1048576K
Event: 5.542 GC heap after
Heap after GC invocations=5 (full 1):
 PSYoungGen      total 111616K, used 5112K [0x00000000e0000000, 0x00000000e8c00000, 0x0000000100000000)
  eden space 106496K, 0% used [0x00000000e0000000,0x00000000e0000000,0x00000000e6800000)
  from space 5120K, 99% used [0x00000000e8700000,0x00000000e8bfe1b0,0x00000000e8c00000)
  to   space 5120K, 0% used [0x00000000e8200000,0x00000000e8200000,0x00000000e8700000)
 ParOldGen       total 65536K, used 15643K [0x00000000a0000000, 0x00000000a4000000, 0x00000000e0000000)
  object space 65536K, 23% used [0x00000000a0000000,0x00000000a0f46d68,0x00000000a4000000)
 Metaspace       used 26425K, capacity 26916K, committed 27136K, reserved 1073152K
  class space    used 3651K, capacity 3782K, committed 3840K, reserved 1048576K
}
Event: 10.330 GC heap before
{Heap before GC invocations=6 (full 1):
 PSYoungGen      total 111616K, used 111608K [0x00000000e0000000, 0x00000000e8c00000, 0x0000000100000000)
  eden space 106496K, 100% used [0x00000000e0000000,0x00000000e6800000,0x00000000e6800000)
  from space 5120K, 99% used [0x00000000e8700000,0x00000000e8bfe1b0,0x00000000e8c00000)
  to   space 5120K, 0% used [0x00000000e8200000,0x00000000e8200000,0x00000000e8700000)
 ParOldGen       total 65536K, used 15643K [0x00000000a0000000, 0x00000000a4000000, 0x00000000e0000000)
  object space 65536K, 23% used [0x00000000a0000000,0x00000000a0f46d68,0x00000000a4000000)
 Metaspace       used 34268K, capacity 34966K, committed 35072K, reserved 1079296K
  class space    used 4636K, capacity 4846K, committed 4864K, reserved 1048576K
Event: 10.340 GC heap after
Heap after GC invocations=6 (full 1):
 PSYoungGen      total 138240K, used 5104K [0x00000000e0000000, 0x00000000ebd00000, 0x0000000100000000)
  eden space 133120K, 0% used [0x00000000e0000000,0x00000000e0000000,0x00000000e8200000)
  from space 5120K, 99% used [0x00000000e8200000,0x00000000e86fc020,0x00000000e8700000)
  to   space 14848K, 0% used [0x00000000eae80000,0x00000000eae80000,0x00000000ebd00000)
 ParOldGen       total 65536K, used 22713K [0x00000000a0000000, 0x00000000a4000000, 0x00000000e0000000)
  object space 65536K, 34% used [0x00000000a0000000,0x00000000a162e458,0x00000000a4000000)
 Metaspace       used 34268K, capacity 34966K, committed 35072K, reserved 1079296K
  class space    used 4636K, capacity 4846K, committed 4864K, reserved 1048576K
}
Event: 10.460 GC heap before
{Heap before GC invocations=7 (full 1):
 PSYoungGen      total 138240K, used 14204K [0x00000000e0000000, 0x00000000ebd00000, 0x0000000100000000)
  eden space 133120K, 6% used [0x00000000e0000000,0x00000000e08e3370,0x00000000e8200000)
  from space 5120K, 99% used [0x00000000e8200000,0x00000000e86fc020,0x00000000e8700000)
  to   space 14848K, 0% used [0x00000000eae80000,0x00000000eae80000,0x00000000ebd00000)
 ParOldGen       total 65536K, used 22713K [0x00000000a0000000, 0x00000000a4000000, 0x00000000e0000000)
  object space 65536K, 34% used [0x00000000a0000000,0x00000000a162e458,0x00000000a4000000)
 Metaspace       used 34575K, capacity 35264K, committed 35456K, reserved 1079296K
  class space    used 4664K, capacity 4883K, committed 4992K, reserved 1048576K

