# JRE version: OpenJDK Runtime Environment (8.0_112-b06) (build 1.8.0_112-release-b06)
# Java VM: OpenJDK 64-Bit Server VM (25.112-b06 mixed mode windows-amd64 compressed oops)
Heap:
 PSYoungGen      total 145408K, used 93525K [0x00000000e0000000, 0x00000000ee880000, 0x0000000100000000)
  eden space 131584K, 60% used [0x00000000e0000000,0x00000000e4e17e78,0x00000000e8080000)
  from space 13824K, 98% used [0x00000000e8080000,0x00000000e8dbd7a0,0x00000000e8e00000)
  to   space 15872K, 0% used [0x00000000ed900000,0x00000000ed900000,0x00000000ee880000)
 ParOldGen       total 100864K, used 18879K [0x00000000a0000000, 0x00000000a6280000, 0x00000000e0000000)
  object space 100864K, 18% used [0x00000000a0000000,0x00000000a126fd88,0x00000000a6280000)
 Metaspace       used 48486K, capacity 49864K, committed 50176K, reserved 1093632K
  class space    used 6501K, capacity 6818K, committed 6912K, reserved 1048576K
GC Heap History (10 events):
Event: 3.944 GC heap before
{Heap before GC invocations=5 (full 1):
 PSYoungGen      total 71680K, used 66560K [0x00000000e0000000, 0x00000000e8c00000, 0x0000000100000000)
  eden space 66560K, 100% used [0x00000000e0000000,0x00000000e4100000,0x00000000e4100000)
  from space 5120K, 0% used [0x00000000e4100000,0x00000000e4100000,0x00000000e4600000)
  to   space 5120K, 0% used [0x00000000e8700000,0x00000000e8700000,0x00000000e8c00000)
 ParOldGen       total 71680K, used 12400K [0x00000000a0000000, 0x00000000a4600000, 0x00000000e0000000)
  object space 71680K, 17% used [0x00000000a0000000,0x00000000a0c1c1a0,0x00000000a4600000)
 Metaspace       used 26391K, capacity 26840K, committed 27136K, reserved 1073152K
  class space    used 3648K, capacity 3778K, committed 3840K, reserved 1048576K
Event: 3.960 GC heap after
Heap after GC invocations=5 (full 1):
 PSYoungGen      total 100864K, used 5109K [0x00000000e0000000, 0x00000000e8c00000, 0x0000000100000000)
  eden space 95744K, 0% used [0x00000000e0000000,0x00000000e0000000,0x00000000e5d80000)
  from space 5120K, 99% used [0x00000000e8700000,0x00000000e8bfd568,0x00000000e8c00000)
  to   space 5120K, 0% used [0x00000000e8200000,0x00000000e8200000,0x00000000e8700000)
 ParOldGen       total 71680K, used 15433K [0x00000000a0000000, 0x00000000a4600000, 0x00000000e0000000)
  object space 71680K, 21% used [0x00000000a0000000,0x00000000a0f12468,0x00000000a4600000)
 Metaspace       used 26391K, capacity 26840K, committed 27136K, reserved 1073152K
  class space    used 3648K, capacity 3778K, committed 3840K, reserved 1048576K
}
Event: 10.514 GC heap before
{Heap before GC invocations=6 (full 1):
 PSYoungGen      total 100864K, used 100853K [0x00000000e0000000, 0x00000000e8c00000, 0x0000000100000000)
  eden space 95744K, 100% used [0x00000000e0000000,0x00000000e5d80000,0x00000000e5d80000)
  from space 5120K, 99% used [0x00000000e8700000,0x00000000e8bfd568,0x00000000e8c00000)
  to   space 5120K, 0% used [0x00000000e8200000,0x00000000e8200000,0x00000000e8700000)
 ParOldGen       total 71680K, used 15433K [0x00000000a0000000, 0x00000000a4600000, 0x00000000e0000000)
  object space 71680K, 21% used [0x00000000a0000000,0x00000000a0f12468,0x00000000a4600000)
 Metaspace       used 32932K, capacity 33570K, committed 33792K, reserved 1079296K
  class space    used 4430K, capacity 4585K, committed 4608K, reserved 1048576K
Event: 10.521 GC heap after
Heap after GC invocations=6 (full 1):
 PSYoungGen      total 136192K, used 5104K [0x00000000e0000000, 0x00000000e9c00000, 0x0000000100000000)
  eden space 131072K, 0% used [0x00000000e0000000,0x00000000e0000000,0x00000000e8000000)
  from space 5120K, 99% used [0x00000000e8200000,0x00000000e86fc020,0x00000000e8700000)
  to   space 14336K, 0% used [0x00000000e8e00000,0x00000000e8e00000,0x00000000e9c00000)
 ParOldGen       total 71680K, used 21584K [0x00000000a0000000, 0x00000000a4600000, 0x00000000e0000000)
  object space 71680K, 30% used [0x00000000a0000000,0x00000000a1514250,0x00000000a4600000)
 Metaspace       used 32932K, capacity 33570K, committed 33792K, reserved 1079296K
  class space    used 4430K, capacity 4585K, committed 4608K, reserved 1048576K
}
Event: 10.637 GC heap before
{Heap before GC invocations=7 (full 1):
 PSYoungGen      total 136192K, used 16167K [0x00000000e0000000, 0x00000000e9c00000, 0x0000000100000000)
  eden space 131072K, 8% used [0x00000000e0000000,0x00000000e0acdde8,0x00000000e8000000)
  from space 5120K, 99% used [0x00000000e8200000,0x00000000e86fc020,0x00000000e8700000)
  to   space 14336K, 0% used [0x00000000e8e00000,0x00000000e8e00000,0x00000000e9c00000)
 ParOldGen       total 71680K, used 21584K [0x00000000a0000000, 0x00000000a4600000, 0x00000000e0000000)
  object space 71680K, 30% used [0x00000000a0000000,0x00000000a1514250,0x00000000a4600000)
 Metaspace       used 34685K, capacity 35392K, committed 35496K, reserved 1079296K
  class space    used 4635K, capacity 4814K, committed 4864K, reserved 1048576K
Event: 10.642 GC heap after
Heap after GC invocations=7 (full 1):
 PSYoungGen      total 145920K, used 6739K [0x00000000e0000000, 0x00000000ed800000, 0x0000000100000000)
  eden space 131584K, 0% used [0x00000000e0000000,0x00000000e0000000,0x00000000e8080000)
  from space 14336K, 47% used [0x00000000e8e00000,0x00000000e9494e20,0x00000000e9c00000)
  to   space 13824K, 0% used [0x00000000e8080000,0x00000000e8080000,0x00000000e8e00000)
 ParOldGen       total 71680K, used 21592K [0x00000000a0000000, 0x00000000a4600000, 0x00000000e0000000)
  object space 71680K, 30% used [0x00000000a0000000,0x00000000a1516250,0x00000000a4600000)
 Metaspace       used 34685K, capacity 35392K, committed 35496K, reserved 1079296K
  class space    used 4635K, capacity 4814K, committed 4864K, reserved 1048576K
}
Event: 10.642 GC heap before
{Heap before GC invocations=8 (full 2):
 PSYoungGen      total 145920K, used 6739K [0x00000000e0000000, 0x00000000ed800000, 0x0000000100000000)
  eden space 131584K, 0% used [0x00000000e0000000,0x00000000e0000000,0x00000000e8080000)
  from space 14336K, 47% used [0x00000000e8e00000,0x00000000e9494e20,0x00000000e9c00000)
  to   space 13824K, 0% used [0x00000000e8080000,0x00000000e8080000,0x00000000e8e00000)
 ParOldGen       total 71680K, used 21592K [0x00000000a0000000, 0x00000000a4600000, 0x00000000e0000000)
  object space 71680K, 30% used [0x00000000a0000000,0x00000000a1516250,0x00000000a4600000)
 Metaspace       used 34685K, capacity 35392K, committed 35496K, reserved 1079296K
  class space    used 4635K, capacity 4814K, committed 4864K, reserved 1048576K
Event: 10.704 GC heap after
Heap after GC invocations=8 (full 2):
 PSYoungGen      total 145920K, used 0K [0x00000000e0000000, 0x00000000ed800000, 0x0000000100000000)
  eden space 131584K, 0% used [0x00000000e0000000,0x00000000e0000000,0x00000000e8080000)
  from space 14336K, 0% used [0x00000000e8e00000,0x00000000e8e00000,0x00000000e9c00000)
  to   space 13824K, 0% used [0x00000000e8080000,0x00000000e8080000,0x00000000e8e00000)
 ParOldGen       total 100864K, used 18871K [0x00000000a0000000, 0x00000000a6280000, 0x00000000e0000000)
  object space 100864K, 18% used [0x00000000a0000000,0x00000000a126dd88,0x00000000a6280000)
 Metaspace       used 34643K, capacity 35286K, committed 35496K, reserved 1079296K
  class space    used 4622K, capacity 4800K, committed 4864K, reserved 1048576K
}
Event: 12.211 GC heap before
{Heap before GC invocations=9 (full 2):
 PSYoungGen      total 145920K, used 131584K [0x00000000e0000000, 0x00000000ed800000, 0x0000000100000000)
  eden space 131584K, 100% used [0x00000000e0000000,0x00000000e8080000,0x00000000e8080000)
  from space 14336K, 0% used [0x00000000e8e00000,0x00000000e8e00000,0x00000000e9c00000)
  to   space 13824K, 0% used [0x00000000e8080000,0x00000000e8080000,0x00000000e8e00000)
 ParOldGen       total 100864K, used 18871K [0x00000000a0000000, 0x00000000a6280000, 0x00000000e0000000)
  object space 100864K, 18% used [0x00000000a0000000,0x00000000a126dd88,0x00000000a6280000)
 Metaspace       used 45270K, capacity 46158K, committed 46464K, reserved 1089536K
  class space    used 6037K, capacity 6259K, committed 6272K, reserved 1048576K
Event: 12.238 GC heap after
Heap after GC invocations=9 (full 2):
 PSYoungGen      total 145408K, used 13557K [0x00000000e0000000, 0x00000000ee880000, 0x0000000100000000)
  eden space 131584K, 0% used [0x00000000e0000000,0x00000000e0000000,0x00000000e8080000)
  from space 13824K, 98% used [0x00000000e8080000,0x00000000e8dbd7a0,0x00000000e8e00000)
  to   space 15872K, 0% used [0x00000000ed900000,0x00000000ed900000,0x00000000ee880000)
 ParOldGen       total 100864K, used 18879K [0x00000000a0000000, 0x00000000a6280000, 0x00000000e0000000)
  object space 100864K, 18% used [0x00000000a0000000,0x00000000a126fd88,0x00000000a6280000)
 Metaspace       used 45270K, capacity 46158K, committed 46464K, reserved 1089536K
  class space    used 6037K, capacity 6259K, committed 6272K, reserved 1048576K
}

